-------------------------------------------------------------------------------
Test set: com.sli_systems.tests.web.testcases.BasicSearchTest
-------------------------------------------------------------------------------
Tests run: 2, Failures: 1, Errors: 0, Skipped: 0, Time elapsed: 127.224 s <<< FAILURE! - in com.sli_systems.tests.web.testcases.BasicSearchTest
searchKeywordTest[1](com.sli_systems.tests.web.testcases.BasicSearchTest)  Time elapsed: 98.663 s  <<< FAILURE!
java.lang.AssertionError
	at com.sli_systems.tests.web.testcases.BasicSearchTest.searchKeywordTest(BasicSearchTest.java:68)

