<?xml version="1.0" encoding="UTF-8"?>
<testsuite xmlns:xsi="http://www.w3.org/2001/XMLSchema-instance" xsi:noNamespaceSchemaLocation="https://maven.apache.org/surefire/maven-surefire-plugin/xsd/surefire-test-report.xsd" name="com.sli_systems.tests.web.testcases.BasicSearchTest" time="57.927" tests="2" errors="0" skipped="0" failures="1">
  <properties>
[...]
</properties>
  <testcase name="searchKeywordTest[0]" classname="com.sli_systems.tests.web.testcases.BasicSearchTest" time="24.815"/>
  <testcase name="searchKeywordTest[1]" classname="com.sli_systems.tests.web.testcases.BasicSearchTest" time="33.059">
    <failure type="java.lang.AssertionError">java.lang.AssertionError
	at com.sli_systems.tests.web.testcases.BasicSearchTest.searchKeywordTest(BasicSearchTest.java:68)
</failure>
    <system-out><![CDATA[beforeTestMethod();
Key is: wiki and output is: wikipedia
afterTestMethod();
]]></system-out>
    <system-err><![CDATA[1524681101642	geckodriver	INFO	geckodriver 0.20.1
1524681101651	geckodriver	INFO	Listening on 127.0.0.1:6151
1524681101669	mozrunner::runner	INFO	Running command: "/Applications/Firefox.app/Contents/MacOS/firefox-bin" "-marionette" "-profile" "/var/folders/ys/t6xylnr940n66gf0shkl1rcr0000gn/T/rust_mozprofile.J0HOCmwVJoS7"
1524681102368	Marionette	INFO	Enabled via --marionette
2018-04-26 00:01:43.333 plugin-container[14016:3345361] *** CFMessagePort: bootstrap_register(): failed 1100 (0x44c) 'Permission denied', port = 0xa637, name = 'com.apple.tsm.portname'
See /usr/include/servers/bootstrap_defs.h for the error codes.
1524681103774	Marionette	INFO	Listening on port 52487
1524681103852	Marionette	WARN	TLS certificate errors will be ignored for this session
Apr 26, 2018 12:01:44 AM org.openqa.selenium.remote.ProtocolHandshake createSession
INFO: Detected dialect: W3C
2018-04-26 00:01:44.449 plugin-container[14018:3345439] *** CFMessagePort: bootstrap_register(): failed 1100 (0x44c) 'Permission denied', port = 0xa337, name = 'com.apple.tsm.portname'
See /usr/include/servers/bootstrap_defs.h for the error codes.
JavaScript warning: https://ajax.googleapis.com/ajax/libs/jquery/1.9.0/jquery.min.js, line 4: Using //@ to indicate sourceMappingURL pragmas is deprecated. Use //# instead
*** UTM:SVC TimerManager:registerTimer called after profile-before-change notification. Ignoring timer registration for id: telemetry_modules_ping
]]></system-err>
  </testcase>
</testsuite>